Arguments: 
  C:\Program Files\nodejs\node.exe C:\Users\geord\AppData\Roaming\npm\node_modules\yarn\bin\yarn.js add bodyParser

PATH: 
  C:\WINDOWS\system32;C:\WINDOWS;C:\WINDOWS\System32\Wbem;C:\WINDOWS\System32\WindowsPowerShell\v1.0\;C:\WINDOWS\System32\OpenSSH\;C:\Program Files\nodejs\;C:\Program Files\Git\cmd;C:\Users\geord\AppData\Local\Microsoft\WindowsApps;;C:\Users\geord\AppData\Local\Programs\Microsoft VS Code\bin;C:\Users\geord\AppData\Roaming\npm

Yarn version: 
  1.22.19

Node version: 
  16.18.0

Platform: 
  win32 x64

Trace: 
  Error: https://registry.yarnpkg.com/bodyParser: Not found
      at Request.params.callback [as _callback] (C:\Users\geord\AppData\Roaming\npm\node_modules\yarn\lib\cli.js:66145:18)
      at Request.self.callback (C:\Users\geord\AppData\Roaming\npm\node_modules\yarn\lib\cli.js:140890:22)
      at Request.emit (node:events:513:28)
      at Request.<anonymous> (C:\Users\geord\AppData\Roaming\npm\node_modules\yarn\lib\cli.js:141862:10)
      at Request.emit (node:events:513:28)
      at IncomingMessage.<anonymous> (C:\Users\geord\AppData\Roaming\npm\node_modules\yarn\lib\cli.js:141784:12)
      at Object.onceWrapper (node:events:627:28)
      at IncomingMessage.emit (node:events:525:35)
      at endReadableNT (node:internal/streams/readable:1358:12)
      at processTicksAndRejections (node:internal/process/task_queues:83:21)

npm manifest: 
  {
    "name": "n2",
    "version": "1.0.0",
    "description": "",
    "main": "serve.ts",
    "scripts": {
      "studio": "prisma studio",
      "migration": "prisma migration dev",
      "serve": "ts-node-dev --exit-child --transpile-only --ignore-watch node_modules src/server.ts"
    },
    "author": "Geordani Machado",
    "license": "ISC",
    "dependencies": {
      "@types/express": "^4.17.14",
      "express": "^4.18.2",
      "nodemon": "^2.0.20",
      "ts-node": "^10.9.1",
      "ts-node-dev": "^2.0.0"
    },
    "devDependencies": {
      "@prisma/client": "^3.6.0",
      "@types/node": "^18.11.9",
      "prisma": "^3.6.0",
      "ts-node-dev": "^2.0.0",
      "typescript": "^4.9.3"
    }
  }

yarn manifest: 
  No manifest

Lockfile: 
  No lockfile
